<?xml version="1.0" encoding="UTF-8"?>
<!-- Generated by org.testng.reporters.JUnitXMLReporter -->
<testsuite ignored="2" hostname="Manoj" failures="0" tests="4" name="Test" time="0.081" errors="0" timestamp="2023-11-10T07:50:33 IST">
  <testcase classname="com.mystore.testcases.TC_UserData" name="correctData" time="0.017"/>
  <testcase classname="com.mystore.testcases.TC_UserData" name="correctData1" time="0.002"/>
  <testcase classname="com.mystore.testcases.TC_UserData" name="correctData2" time="0.002"/>
  <testcase classname="com.mystore.testcases.TC_LoginCredentialVerify" name="loginCredential" time="0.002"/>
  <testcase classname="com.mystore.testcases.TC_LoginCredentialVerify" name="validLogInCredentail" time="0.0">
    <ignored/>
  </testcase> <!-- validLogInCredentail -->
  <testcase classname="com.mystore.testcases.TC_UserData" name="incorrectData" time="0.0">
    <ignored/>
  </testcase> <!-- incorrectData -->
</testsuite> <!-- Test -->
