<?xml version="1.0" encoding="UTF-8"?>
<testng-results ignored="0" total="2" passed="2" failed="0" skipped="0">
  <reporter-output>
  </reporter-output>
  <suite started-at="2023-11-14T08:34:55 IST" name="Suite" finished-at="2023-11-14T08:35:08 IST" duration-ms="12998">
    <groups>
    </groups>
    <test started-at="2023-11-14T08:34:55 IST" name="Test" finished-at="2023-11-14T08:35:08 IST" duration-ms="12998">
      <class name="com.mystore.testcases.TC_VerifyDashBoardpage">
        <test-method is-config="true" signature="lunchBrowser()[pri:0, instance:com.mystore.testcases.TC_VerifyDashBoardpage@449a4f23]" started-at="2023-11-14T08:34:55 IST" name="lunchBrowser" finished-at="2023-11-14T08:34:57 IST" duration-ms="1810" status="PASS">
          <reporter-output>
          </reporter-output>
        </test-method> <!-- lunchBrowser -->
        <test-method signature="verifyDashboardPage()[pri:0, instance:com.mystore.testcases.TC_VerifyDashBoardpage@449a4f23]" started-at="2023-11-14T08:34:57 IST" name="verifyDashboardPage" finished-at="2023-11-14T08:35:02 IST" duration-ms="4717" status="PASS">
          <reporter-output>
          </reporter-output>
        </test-method> <!-- verifyDashboardPage -->
        <test-method is-config="true" signature="tearDown()[pri:0, instance:com.mystore.testcases.TC_VerifyDashBoardpage@449a4f23]" started-at="2023-11-14T08:35:02 IST" name="tearDown" finished-at="2023-11-14T08:35:02 IST" duration-ms="122" status="PASS">
          <reporter-output>
          </reporter-output>
        </test-method> <!-- tearDown -->
      </class> <!-- com.mystore.testcases.TC_VerifyDashBoardpage -->
      <class name="com.mystore.testcases.TC_ApplicationForm">
        <test-method is-config="true" signature="lunchBrowser()[pri:0, instance:com.mystore.testcases.TC_ApplicationForm@2cf3d63b]" started-at="2023-11-14T08:35:02 IST" name="lunchBrowser" finished-at="2023-11-14T08:35:03 IST" duration-ms="773" status="PASS">
          <reporter-output>
          </reporter-output>
        </test-method> <!-- lunchBrowser -->
        <test-method signature="verifyForm()[pri:0, instance:com.mystore.testcases.TC_ApplicationForm@2cf3d63b]" started-at="2023-11-14T08:35:03 IST" name="verifyForm" finished-at="2023-11-14T08:35:08 IST" duration-ms="5447" status="PASS">
          <reporter-output>
          </reporter-output>
        </test-method> <!-- verifyForm -->
        <test-method is-config="true" signature="tearDown()[pri:0, instance:com.mystore.testcases.TC_ApplicationForm@2cf3d63b]" started-at="2023-11-14T08:35:08 IST" name="tearDown" finished-at="2023-11-14T08:35:08 IST" duration-ms="98" status="PASS">
          <reporter-output>
          </reporter-output>
        </test-method> <!-- tearDown -->
      </class> <!-- com.mystore.testcases.TC_ApplicationForm -->
    </test> <!-- Test -->
  </suite> <!-- Suite -->
</testng-results>
