<?xml version="1.0" encoding="UTF-8"?>
<testng-results ignored="0" total="1" passed="1" failed="0" skipped="0">
  <reporter-output>
  </reporter-output>
  <suite started-at="2023-11-10T08:20:11 IST" name="Default suite" finished-at="2023-11-10T08:20:18 IST" duration-ms="6955">
    <groups>
    </groups>
    <test started-at="2023-11-10T08:20:11 IST" name="Default test" finished-at="2023-11-10T08:20:18 IST" duration-ms="6955">
      <class name="com.mystore.testcases.TC_ApplicationForm">
        <test-method is-config="true" signature="lunchBrowser()[pri:0, instance:com.mystore.testcases.TC_ApplicationForm@7d0b7e3c]" started-at="2023-11-10T08:20:11 IST" name="lunchBrowser" finished-at="2023-11-10T08:20:12 IST" duration-ms="1684" status="PASS">
          <reporter-output>
          </reporter-output>
        </test-method> <!-- lunchBrowser -->
        <test-method signature="verifyForm()[pri:0, instance:com.mystore.testcases.TC_ApplicationForm@7d0b7e3c]" started-at="2023-11-10T08:20:13 IST" name="verifyForm" finished-at="2023-11-10T08:20:18 IST" duration-ms="5142" status="PASS">
          <reporter-output>
          </reporter-output>
        </test-method> <!-- verifyForm -->
        <test-method is-config="true" signature="tearDown()[pri:0, instance:com.mystore.testcases.TC_ApplicationForm@7d0b7e3c]" started-at="2023-11-10T08:20:18 IST" name="tearDown" finished-at="2023-11-10T08:20:18 IST" duration-ms="102" status="PASS">
          <reporter-output>
          </reporter-output>
        </test-method> <!-- tearDown -->
      </class> <!-- com.mystore.testcases.TC_ApplicationForm -->
    </test> <!-- Default test -->
  </suite> <!-- Default suite -->
</testng-results>
